  소스.cpp
C:\Users\danyo\source\repos\smartVisionProject\smartVisionProject\소스.cpp(222,102): warning C4244: '인수': 'double'에서 '_Tp'(으)로 변환하면서 데이터가 손실될 수 있습니다.
          with
          [
              _Tp=int
          ]
C:\Users\danyo\source\repos\smartVisionProject\smartVisionProject\소스.cpp(231,112): warning C4244: '인수': 'double'에서 '_Tp'(으)로 변환하면서 데이터가 손실될 수 있습니다.
          with
          [
              _Tp=int
          ]
C:\Users\danyo\source\repos\smartVisionProject\smartVisionProject\소스.cpp(235,116): warning C4244: '인수': 'double'에서 '_Tp'(으)로 변환하면서 데이터가 손실될 수 있습니다.
          with
          [
              _Tp=int
          ]
  코드를 생성하고 있습니다.
  1 of 467 functions ( 0.2%) were compiled, the rest were copied from previous compilation.
    0 functions were new in current compilation
    1 functions had inline decision re-evaluated but remain unchanged
  코드를 생성했습니다.
  smartVisionProject.vcxproj -> C:\Users\danyo\source\repos\smartVisionProject\x64\Release\smartVisionProject.exe
